<?xml version="1.0" encoding="UTF-8"?>
<!-- Generated by org.testng.reporters.JUnitReportReporter -->
<testsuite skipped="0" hostname="Deepak-PC" name="ThirdTest" tests="3" failures="0" timestamp="2020-06-30T20:49:32 IST" time="0.011" errors="0">
  <testcase name="f9Test" time="0.003" classname="ThirdTest"/>
  <system-out/>
  <testcase name="f8Test" time="0.003" classname="ThirdTest"/>
  <system-out/>
  <testcase name="f10Test" time="0.005" classname="ThirdTest"/>
  <system-out/>
</testsuite> <!-- ThirdTest -->
