<?xml version="1.0" encoding="UTF-8"?>
<!-- Generated by org.testng.reporters.JUnitReportReporter -->
<testsuite skipped="0" hostname="Deepak-PC" name="NewTest" tests="4" failures="0" timestamp="2020-06-30T20:49:32 IST" time="0.022" errors="0">
  <testcase name="f1Test" time="0.003" classname="NewTest"/>
  <system-out/>
  <testcase name="fTest" time="0.003" classname="NewTest"/>
  <system-out/>
  <testcase name="f3Test" time="0.002" classname="NewTest"/>
  <system-out/>
  <testcase name="f2Test" time="0.014" classname="NewTest"/>
  <system-out/>
</testsuite> <!-- NewTest -->
