<?xml version="1.0" encoding="UTF-8"?>
<!-- Generated by org.testng.reporters.JUnitReportReporter -->
<testsuite skipped="0" hostname="Deepak-PC" name="SecondTest" tests="4" failures="0" timestamp="2020-06-30T20:49:32 IST" time="0.023" errors="0">
  <testcase name="f7Test" time="0.004" classname="SecondTest"/>
  <system-out/>
  <testcase name="f4Test" time="0.011" classname="SecondTest"/>
  <system-out/>
  <testcase name="f6Test" time="0.003" classname="SecondTest"/>
  <system-out/>
  <testcase name="f5Test" time="0.005" classname="SecondTest"/>
  <system-out/>
</testsuite> <!-- SecondTest -->
