<?xml version="1.0" encoding="UTF-8"?>
<!-- Generated by org.testng.reporters.JUnitReportReporter -->
<testsuite hostname="Deepak-PC" name="Demo.SecondTest" tests="4" failures="0" timestamp="30 Jun 2020 16:37:15 GMT" time="0.010" errors="0">
  <testcase name="f5Test" time="0.000" classname="Demo.SecondTest"/>
  <testcase name="f6Test" time="0.000" classname="Demo.SecondTest"/>
  <testcase name="f7Test" time="0.001" classname="Demo.SecondTest"/>
  <testcase name="f4Test" time="0.009" classname="Demo.SecondTest"/>
</testsuite> <!-- Demo.SecondTest -->
