<?xml version="1.0" encoding="UTF-8"?>
<!-- Generated by org.testng.reporters.JUnitReportReporter -->
<testsuite hostname="Deepak-PC" name="Demo.NewTest" tests="4" failures="0" timestamp="30 Jun 2020 16:37:15 GMT" time="0.001" errors="0">
  <testcase name="f2Test" time="0.001" classname="Demo.NewTest"/>
  <testcase name="fTest" time="0.000" classname="Demo.NewTest"/>
  <testcase name="f1Test" time="0.000" classname="Demo.NewTest"/>
  <testcase name="f3Test" time="0.000" classname="Demo.NewTest"/>
</testsuite> <!-- Demo.NewTest -->
